

--- Server started at 2025-05-28T03:25:47.875Z ---
{
  message: 'Authentication required. Please log in.',
  locations: [ { line: 2, column: 3 } ],
  path: [ 'users' ],
  extensions: {
    code: 'UNAUTHENTICATED',
    stacktrace: [
      'GraphQLError: Authentication required. Please log in.',
      '    at Object.users (file:///Users/adam_snoyman/oNex/src/utils/authMiddleware.js:18:13)',
      '    at field.resolve (file:///Users/adam_snoyman/oNex/node_modules/@apollo/server/dist/esm/utils/schemaInstrumentation.js:36:28)',
      '    at executeField (/Users/adam_snoyman/oNex/node_modules/graphql/execution/execute.js:500:20)',
      '    at executeFields (/Users/adam_snoyman/oNex/node_modules/graphql/execution/execute.js:422:22)',
      '    at executeOperation (/Users/adam_snoyman/oNex/node_modules/graphql/execution/execute.js:352:14)',
      '    at execute (/Users/adam_snoyman/oNex/node_modules/graphql/execution/execute.js:136:20)',
      '    at executeIncrementally (file:///Users/adam_snoyman/oNex/node_modules/@apollo/server/dist/esm/incrementalDeliveryPolyfill.js:21:12)',
      '    at process.processTicksAndRejections (node:internal/process/task_queues:105:5)',
      '    at async execute (file:///Users/adam_snoyman/oNex/node_modules/@apollo/server/dist/esm/requestPipeline.js:231:37)',
      '    at async processGraphQLRequest (file:///Users/adam_snoyman/oNex/node_modules/@apollo/server/dist/esm/requestPipeline.js:160:32)'
    ]
  }
}
